<?xml version="1.0" encoding="UTF-8"?>
<testsuite name="StatementPrinterTests" tests="1" skipped="0" failures="0" errors="0" timestamp="2022-11-02T20:59:57" hostname="LAPTOP-TPJ6UH80" time="0.218">
  <properties/>
  <testcase name="exampleStatement()" classname="StatementPrinterTests" time="0.218"/>
  <system-out><![CDATA[]]></system-out>
  <system-err><![CDATA[]]></system-err>
</testsuite>
