<?xml version="1.0" encoding="UTF-8"?>
<testsuite name="StatementPrinterTests" tests="3" skipped="0" failures="0" errors="0" timestamp="2022-11-03T21:43:22" hostname="LAPTOP-TPJ6UH80" time="0.382">
  <properties/>
  <testcase name="exampleStatement1()" classname="StatementPrinterTests" time="0.252"/>
  <testcase name="exampleStatement()" classname="StatementPrinterTests" time="0.064"/>
  <testcase name="exampleStatementToHTML()" classname="StatementPrinterTests" time="0.065"/>
  <system-out><![CDATA[]]></system-out>
  <system-err><![CDATA[]]></system-err>
</testsuite>
