<?xml version="1.0" encoding="UTF-8"?>
<testsuite name="StatementPrinterTests" tests="2" skipped="0" failures="0" errors="0" timestamp="2022-10-16T12:59:07" hostname="LAPTOP-TPJ6UH80" time="0.252">
  <properties/>
  <testcase name="exampleStatement()" classname="StatementPrinterTests" time="0.241"/>
  <testcase name="statementWithNewPlayTypes()" classname="StatementPrinterTests" time="0.01"/>
  <system-out><![CDATA[]]></system-out>
  <system-err><![CDATA[]]></system-err>
</testsuite>
